Using pre-set license
Built from '2020.3/staging' branch; Version is '2020.3.17f1 (a4537701e4ab) revision 10769271'; Using compiler version '192528614'; Build Type 'Release'
OS: 'Windows 10 Home; OS build 19043.1237; Version 2009; 64bit' Language: 'ru' Physical Memory: 24497 MB
BatchMode: 1, IsHumanControllingUs: 0, StartBugReporterOnCrash: 0, Is64bit: 1, IsPro: 0

COMMAND LINE ARGUMENTS:
C:\Program Files\Unity\2020.3.17f1\Editor\Unity.exe
-adb2
-batchMode
-noUpm
-name
AssetImportWorker0
-projectPath
C:/G/D/Unity3d/Choco Slicer
-logFile
Logs/AssetImportWorker0.log
-srvPort
64266
Successfully changed project path to: C:/G/D/Unity3d/Choco Slicer
C:/G/D/Unity3d/Choco Slicer
Using Asset Import Pipeline V2.
Refreshing native plugins compatible for Editor in 37.08 ms, found 2 plugins.
Preloading 0 native plugins for Editor in 0.00 ms.
Initialize engine version: 2020.3.17f1 (a4537701e4ab)
[Subsystems] Discovering subsystems at path C:/Program Files/Unity/2020.3.17f1/Editor/Data/Resources/UnitySubsystems
[Subsystems] Discovering subsystems at path C:/G/D/Unity3d/Choco Slicer/Assets
GfxDevice: creating device client; threaded=0
Direct3D:
    Version:  Direct3D 11.0 [level 11.1]
    Renderer: NVIDIA GeForce GTX 1050 Ti (ID=0x1c82)
    Vendor:   
    VRAM:     4018 MB
    Driver:   30.0.14.7212
Shader 'Galactic Sudios/Ultra Emissive Particles': fallback shader 'ParticleAdditive' not found
Initialize mono
Mono path[0] = 'C:/Program Files/Unity/2020.3.17f1/Editor/Data/Managed'
Mono path[1] = 'C:/Program Files/Unity/2020.3.17f1/Editor/Data/MonoBleedingEdge/lib/mono/unityjit'
Mono config path = 'C:/Program Files/Unity/2020.3.17f1/Editor/Data/MonoBleedingEdge/etc'
Using monoOptions --debugger-agent=transport=dt_socket,embedding=1,server=y,suspend=n,address=127.0.0.1:56448
Begin MonoManager ReloadAssembly
Registering precompiled unity dll's ...
Register platform support module: C:/Program Files/Unity/2020.3.17f1/Editor/Data/PlaybackEngines/WindowsStandaloneSupport/UnityEditor.WindowsStandalone.Extensions.dll
Registered in 0.001633 seconds.
Native extension for WindowsStandalone target not found
Refreshing native plugins compatible for Editor in 33.25 ms, found 2 plugins.
Preloading 0 native plugins for Editor in 0.00 ms.
Mono: successfully reloaded assembly
- Completed reload, in  1.550 seconds
Domain Reload Profiling:
	ReloadAssembly (1551ms)
		BeginReloadAssembly (43ms)
			ExecutionOrderSort (0ms)
			DisableScriptedObjects (0ms)
			BackupInstance (0ms)
			ReleaseScriptingObjects (0ms)
			CreateAndSetChildDomain (1ms)
		EndReloadAssembly (329ms)
			LoadAssemblies (41ms)
			RebuildTransferFunctionScriptingTraits (0ms)
			SetupTypeCache (118ms)
			ReleaseScriptCaches (0ms)
			RebuildScriptCaches (23ms)
			SetupLoadedEditorAssemblies (131ms)
				LogAssemblyErrors (0ms)
				InitializePlatformSupportModulesInManaged (3ms)
				SetLoadedEditorAssemblies (0ms)
				RefreshPlugins (33ms)
				BeforeProcessingInitializeOnLoad (13ms)
				ProcessInitializeOnLoadAttributes (61ms)
				ProcessInitializeOnLoadMethodAttributes (21ms)
				AfterProcessingInitializeOnLoad (0ms)
				EditorAssembliesLoaded (0ms)
			ExecutionOrderSort2 (0ms)
			AwakeInstancesAfterBackupRestoration (0ms)
Platform modules already initialized, skipping
Registering precompiled user dll's ...
Registered in 0.003923 seconds.
Begin MonoManager ReloadAssembly
Native extension for WindowsStandalone target not found
Refreshing native plugins compatible for Editor in 0.45 ms, found 2 plugins.
Preloading 0 native plugins for Editor in 0.00 ms.
Mono: successfully reloaded assembly
- Completed reload, in  0.843 seconds
Domain Reload Profiling:
	ReloadAssembly (844ms)
		BeginReloadAssembly (112ms)
			ExecutionOrderSort (0ms)
			DisableScriptedObjects (3ms)
			BackupInstance (0ms)
			ReleaseScriptingObjects (0ms)
			CreateAndSetChildDomain (14ms)
		EndReloadAssembly (682ms)
			LoadAssemblies (71ms)
			RebuildTransferFunctionScriptingTraits (0ms)
			SetupTypeCache (212ms)
			ReleaseScriptCaches (0ms)
			RebuildScriptCaches (34ms)
			SetupLoadedEditorAssemblies (294ms)
				LogAssemblyErrors (0ms)
				InitializePlatformSupportModulesInManaged (4ms)
				SetLoadedEditorAssemblies (0ms)
				RefreshPlugins (1ms)
				BeforeProcessingInitializeOnLoad (63ms)
				ProcessInitializeOnLoadAttributes (217ms)
				ProcessInitializeOnLoadMethodAttributes (4ms)
				AfterProcessingInitializeOnLoad (6ms)
				EditorAssembliesLoaded (0ms)
			ExecutionOrderSort2 (0ms)
			AwakeInstancesAfterBackupRestoration (5ms)
Platform modules already initialized, skipping
========================================================================
Worker process is ready to serve import requests
Shader 'Galactic Sudios/Ultra Emissive Particles': fallback shader 'ParticleAdditive' not found
Launched and connected shader compiler UnityShaderCompiler.exe after 0.03 seconds
Refreshing native plugins compatible for Editor in 0.44 ms, found 2 plugins.
Preloading 0 native plugins for Editor in 0.00 ms.
Unloading 1738 Unused Serialized files (Serialized files now loaded: 0)
System memory in use before: 114.7 MB.
System memory in use after: 110.2 MB.

Unloading 45 unused Assets to reduce memory usage. Loaded Objects now: 2152.
Total: 3.840300 ms (FindLiveObjects: 0.154800 ms CreateObjectMapping: 0.054400 ms MarkObjects: 2.006400 ms  DeleteObjects: 1.624000 ms)

AssetImportParameters requested are different than current active one (requested -> active):
  custom:framework-win-MediaFoundation: 216162199b28c13a410421893ffa2e32 -> 
  custom:video-decoder-ogg-theora: a1e56fd34408186e4bbccfd4996cb3dc -> 
  custom:container-muxer-webm: aa71ff27fc2769a1b78a27578f13a17b -> 
  custom:container-demuxer-webm: 4f35f7cbe854078d1ac9338744f61a02 -> 
  custom:container-demuxer-ogg: 62fdf1f143b41e24485cea50d1cbac27 -> 
  custom:video-encoder-webm-vp8: eb34c28f22e8b96e1ab97ce403110664 -> 
  custom:video-decoder-webm-vp8: 9c59270c3fd7afecdb556c50c9e8de78 -> 
  custom:audio-decoder-ogg-vorbis: bf7c407c2cedff20999df2af8eb42d56 -> 
  custom:audio-encoder-webm-vorbis: bf7c407c2cedff20999df2af8eb42d56 -> 
========================================================================
Received Import Request.
  path: Assets/Prefabs/Choco2.prefab
  artifactKey: Guid(529b77f6ed0d1a54c9bc7d4c589b67d2) Importer(815301076,1909f56bfc062723c751e8b465ee728b)
Start importing Assets/Prefabs/Choco2.prefab using Guid(529b77f6ed0d1a54c9bc7d4c589b67d2) Importer(815301076,1909f56bfc062723c751e8b465ee728b)  -> (artifact id: '500b4920f356225071b0bea77d372eb6') in 0.072563 seconds 
  Import took 0.074942 seconds .

========================================================================
Received Import Request.
  Time since last request: 0.000196 seconds.
  path: Assets/Prefabs/Choco1.prefab
  artifactKey: Guid(0f1298c1ea210fb44b55448eb26a7ded) Importer(815301076,1909f56bfc062723c751e8b465ee728b)
Start importing Assets/Prefabs/Choco1.prefab using Guid(0f1298c1ea210fb44b55448eb26a7ded) Importer(815301076,1909f56bfc062723c751e8b465ee728b)  -> (artifact id: '969f8b31d131814c172f0f850037f85d') in 0.011987 seconds 
  Import took 0.014328 seconds .

========================================================================
Received Import Request.
  Time since last request: 0.000180 seconds.
  path: Assets/Prefabs/Choco3.prefab
  artifactKey: Guid(fd12efafed1737f49ab44e234ba52af2) Importer(815301076,1909f56bfc062723c751e8b465ee728b)
Start importing Assets/Prefabs/Choco3.prefab using Guid(fd12efafed1737f49ab44e234ba52af2) Importer(815301076,1909f56bfc062723c751e8b465ee728b)  -> (artifact id: '28cdd9f7f8b36bb8b7b92f08ac4d6942') in 0.006168 seconds 
  Import took 0.008512 seconds .

========================================================================
Received Import Request.
  Time since last request: 23.952210 seconds.
  path: Assets/Prefabs/Choco3.prefab
  artifactKey: Guid(fd12efafed1737f49ab44e234ba52af2) Importer(815301076,1909f56bfc062723c751e8b465ee728b)
Start importing Assets/Prefabs/Choco3.prefab using Guid(fd12efafed1737f49ab44e234ba52af2) Importer(815301076,1909f56bfc062723c751e8b465ee728b)  -> (artifact id: '2a0ebbda9b83552226e6a72113bf4145') in 0.008427 seconds 
  Import took 0.011033 seconds .

========================================================================
Received Import Request.
  Time since last request: 5.390011 seconds.
  path: Assets/Prefabs/Choco2.prefab
  artifactKey: Guid(529b77f6ed0d1a54c9bc7d4c589b67d2) Importer(815301076,1909f56bfc062723c751e8b465ee728b)
Start importing Assets/Prefabs/Choco2.prefab using Guid(529b77f6ed0d1a54c9bc7d4c589b67d2) Importer(815301076,1909f56bfc062723c751e8b465ee728b)  -> (artifact id: '3f4e38cad6ca95ce0298b4c4c991dcde') in 0.009198 seconds 
  Import took 0.011740 seconds .

========================================================================
Received Import Request.
  Time since last request: 3.119708 seconds.
  path: Assets/Prefabs/Choco1.prefab
  artifactKey: Guid(0f1298c1ea210fb44b55448eb26a7ded) Importer(815301076,1909f56bfc062723c751e8b465ee728b)
Start importing Assets/Prefabs/Choco1.prefab using Guid(0f1298c1ea210fb44b55448eb26a7ded) Importer(815301076,1909f56bfc062723c751e8b465ee728b)  -> (artifact id: '3b27c7868ead988beaa7445c7c77a23a') in 0.018087 seconds 
  Import took 0.020440 seconds .

========================================================================
Received Import Request.
  Time since last request: 4.939655 seconds.
  path: Assets/Small_set_of_knives/Knife.prefab
  artifactKey: Guid(1405d1d343da1184f870780907f1f62e) Importer(815301076,1909f56bfc062723c751e8b465ee728b)
Start importing Assets/Small_set_of_knives/Knife.prefab using Guid(1405d1d343da1184f870780907f1f62e) Importer(815301076,1909f56bfc062723c751e8b465ee728b)  -> (artifact id: '8417f26ccb902b7335e1704a975a4b76') in 0.361321 seconds 
  Import took 0.363763 seconds .

========================================================================
Received Import Request.
  Time since last request: 20.903727 seconds.
  path: Assets/Small_set_of_knives/Knife.prefab
  artifactKey: Guid(1405d1d343da1184f870780907f1f62e) Importer(815301076,1909f56bfc062723c751e8b465ee728b)
Start importing Assets/Small_set_of_knives/Knife.prefab using Guid(1405d1d343da1184f870780907f1f62e) Importer(815301076,1909f56bfc062723c751e8b465ee728b)  -> (artifact id: '9b7af2c7beade173960fb8e17555f6e5') in 0.148733 seconds 
  Import took 0.151172 seconds .

AssetImportWorkerClient::OnTransportError - code=2 error=End of file
